*** Starting uWSGI 2.0.15 (64bit) on [Thu Aug 10 21:51:29 2017] ***
compiled with version: 5.4.0 20160609 on 02 July 2017 10:50:23
os: Linux-4.4.0-31-generic #50-Ubuntu SMP Wed Jul 13 00:07:12 UTC 2016
nodename: ubuntu
machine: x86_64
clock source: unix
pcre jit disabled
detected number of CPU cores: 3
current working directory: /home/python/Desktop/blog/uwsgi
writing pidfile to uwsgi.pid
detected binary path: /home/python/.virtualenvs/django_py3/bin/uwsgi
chdir() to /home/python/Desktop/blog/eason.github.io
your processes number limit is 5815
your memory page size is 4096 bytes
detected max file descriptor number: 1024
lock engine: pthread robust mutexes
thunder lock: disabled (you can enable it with --thunder-lock)
uwsgi socket 0 bound to TCP address 127.0.0.1:9999 fd 3
Python version: 3.5.2 (default, Nov 17 2016, 17:05:23)  [GCC 5.4.0 20160609]
Set PythonHome to /home/python/.virtualenvs/django_py3/
Python main interpreter initialized at 0xa7e0e0
python threads support enabled
your server socket listen backlog is limited to 100 connections
your mercy for graceful operations on workers is 60 seconds
mapped 415360 bytes (405 KB) for 8 cores
*** Operational MODE: preforking+threaded ***
added /home/python/.virtualenvs/django_py3/lib/python3.5/site-packages/ to pythonpath.
WSGI app 0 (mountpoint='') ready in 1 seconds on interpreter 0xa7e0e0 pid: 4012 (default app)
*** uWSGI is running in multiple interpreter mode ***
spawned uWSGI master process (pid: 4012)
spawned uWSGI worker 1 (pid: 4016, cores: 2)
spawned uWSGI worker 2 (pid: 4017, cores: 2)
spawned uWSGI worker 3 (pid: 4019, cores: 2)
spawned uWSGI worker 4 (pid: 4020, cores: 2)
[pid: 4019|app: 0|req: 1/1] 127.0.0.1 () {42 vars in 664 bytes} [Thu Aug 10 21:52:37 2017] GET / => generated 74 bytes in 66 msecs (HTTP/1.1 404) 2 headers in 80 bytes (1 switches on core 0)
[pid: 4017|app: 0|req: 1/2] 127.0.0.1 () {42 vars in 686 bytes} [Thu Aug 10 21:52:42 2017] GET /index_temp/ => generated 6668 bytes in 125 msecs (HTTP/1.1 200) 2 headers in 88 bytes (1 switches on core 0)
[pid: 4019|app: 0|req: 2/3] 127.0.0.1 () {42 vars in 676 bytes} [Thu Aug 10 21:53:27 2017] GET /index_ => generated 80 bytes in 3 msecs (HTTP/1.1 404) 2 headers in 80 bytes (1 switches on core 1)
...brutally killing workers...
Gracefully killing worker 1 (pid: 4016)...
Gracefully killing worker 4 (pid: 4020)...
Gracefully killing worker 3 (pid: 4019)...
Gracefully killing worker 2 (pid: 4017)...
worker 1 buried after 1 seconds
worker 2 buried after 1 seconds
worker 3 buried after 1 seconds
worker 4 buried after 1 seconds
binary reloading uWSGI...
chdir() to /home/python/Desktop/blog/uwsgi
closing all non-uwsgi socket fds > 2 (max_fd = 1024)...
found fd 3 mapped to socket 0 (127.0.0.1:9999)
running /home/python/.virtualenvs/django_py3/bin/uwsgi
[uWSGI] getting INI configuration from uwsgi.ini
*** Starting uWSGI 2.0.15 (64bit) on [Thu Aug 10 22:36:06 2017] ***
compiled with version: 5.4.0 20160609 on 02 July 2017 10:50:23
os: Linux-4.4.0-31-generic #50-Ubuntu SMP Wed Jul 13 00:07:12 UTC 2016
nodename: ubuntu
machine: x86_64
clock source: unix
pcre jit disabled
detected number of CPU cores: 3
current working directory: /home/python/Desktop/blog/uwsgi
detected binary path: /home/python/.virtualenvs/django_py3/bin/uwsgi
chdir() to /home/python/Desktop/blog/eason.github.io
your processes number limit is 5815
your memory page size is 4096 bytes
detected max file descriptor number: 1024
lock engine: pthread robust mutexes
thunder lock: disabled (you can enable it with --thunder-lock)
uwsgi socket 0 inherited INET address 127.0.0.1:9999 fd 3
Python version: 3.5.2 (default, Nov 17 2016, 17:05:23)  [GCC 5.4.0 20160609]
Set PythonHome to /home/python/.virtualenvs/django_py3/
Python main interpreter initialized at 0x197aaf0
python threads support enabled
your server socket listen backlog is limited to 100 connections
your mercy for graceful operations on workers is 60 seconds
mapped 415360 bytes (405 KB) for 8 cores
*** Operational MODE: preforking+threaded ***
added /home/python/.virtualenvs/django_py3/lib/python3.5/site-packages/ to pythonpath.
WSGI app 0 (mountpoint='') ready in 1 seconds on interpreter 0x197aaf0 pid: 4012 (default app)
*** uWSGI is running in multiple interpreter mode ***
gracefully (RE)spawned uWSGI master process (pid: 4012)
spawned uWSGI worker 1 (pid: 4534, cores: 2)
spawned uWSGI worker 2 (pid: 4535, cores: 2)
spawned uWSGI worker 3 (pid: 4536, cores: 2)
spawned uWSGI worker 4 (pid: 4538, cores: 2)
